INFO:root:Starting server on port 1234
INFO:root:TCP Server listening on 127.0.0.1:1234
INFO:root:UDP Server listening on 127.0.0.1:1234
INFO:root:Received data from ('127.0.0.1', 61668): b'{"type": "connect", "status": "try"}'
INFO:root:Received data from ('127.0.0.1', 49395): b'{"type": "connect", "status": "try"}'
INFO:root:Received data from ('127.0.0.1', 54564): b'{"type": "connect", "status": "try"}'
INFO:root:Starting server on port 1234
INFO:root:TCP Server listening on 127.0.0.1:1234
INFO:root:UDP Server listening on 127.0.0.1:1234
INFO:root:Received data from ('127.0.0.1', 50192): b'{"type": "connect", "status": "try"}'
INFO:root:Starting server on port 1234
INFO:root:UDP Server listening on 127.0.0.1:1234
INFO:root:TCP Server listening on 127.0.0.1:1234
INFO:root:New connection from ('127.0.0.1', 52526)
DEBUG:root:{}
DEBUG:root:{}
INFO:root:Waiting for data from client
INFO:root:Received data from client: {"type": "connect", "status": "try"}
DEBUG:root:Sending message to client: {"type": "connect", "status": "ok", "address": ["127.0.0.1", 1234]}
DEBUG:root:{}
DEBUG:root:{}
INFO:root:Waiting for data from client
INFO:root:Received data from client: {"type": "create_user", "status": "try", "username": "nathan", "password": "123"}
INFO:root:Creating user with username nathan and password 123
DEBUG:root:Sending message to client: {"type": "create_user", "status": "ok"}
DEBUG:root:{'nathan': '123'}
DEBUG:root:{}
INFO:root:Waiting for data from client
INFO:root:Received data from client: {"type": "login", "status": "try", "username": "nathan", "password": "23"}
DEBUG:root:Sending message to client: {"type": "login", "status": "error: wrong password"}
DEBUG:root:{'nathan': '123'}
DEBUG:root:{}
INFO:root:Waiting for data from client
INFO:root:Received data from client: {"type": "login", "status": "try", "username": "nathan", "password": "123"}
DEBUG:root:Sending message to client: {"type": "login", "status": "ok"}
DEBUG:root:{'nathan': '123'}
DEBUG:root:{}
INFO:root:Waiting for data from client
INFO:root:Received data from client: {"type": "logout", "status": "try"}
DEBUG:root:Sending message to client: {"type": "logout", "status": "ok"}
DEBUG:root:{'nathan': '123'}
DEBUG:root:{}
INFO:root:Waiting for data from client
INFO:root:Received data from ('127.0.0.1', 65437): b'{"type": "connect", "status": "try"}'
INFO:root:Starting server on port 1234
INFO:root:UDP Server listening on 127.0.0.1:1234
INFO:root:TCP Server listening on 127.0.0.1:1234
INFO:root:Received data from ('127.0.0.1', 50253): b'{"type": "connect", "status": "try"}'
INFO:root:Starting server on port 1234
INFO:root:UDP Server listening on 127.0.0.1:1234
INFO:root:TCP Server listening on 127.0.0.1:1234
INFO:root:Received data from ('127.0.0.1', 63404): b'{"type": "connect", "status": "try"}'
INFO:root:Starting server on port 1234
INFO:root:TCP Server listening on 127.0.0.1:1234
INFO:root:UDP Server listening on 127.0.0.1:1234
INFO:root:Received data from ('127.0.0.1', 63336): b'{"type": "connect", "status": "try"}'
INFO:root:Starting server on port 1234
INFO:root:TCP Server listening on 127.0.0.1:1234
INFO:root:UDP Server listening on 127.0.0.1:1234
INFO:root:Received data from ('127.0.0.1', 53444): b'{"type": "connect", "status": "try"}'
INFO:root:Starting server on port 1234
INFO:root:UDP Server listening on 127.0.0.1:1234
INFO:root:TCP Server listening on 127.0.0.1:1234
INFO:root:Received data from ('127.0.0.1', 53083): b'{"type": "connect", "status": "try"}'
DEBUG:root:{}
DEBUG:root:{}
INFO:root:Waiting for data from client
INFO:root:Received data from client: {"type": "connect", "status": "try"}
DEBUG:root:Sending message to client: {"type": "connect", "status": "ok", "address": ["127.0.0.1", 44491]}
DEBUG:root:{}
DEBUG:root:{}
INFO:root:Waiting for data from client
INFO:root:Starting server on port 1234
INFO:root:UDP Server listening on 127.0.0.1:1234
INFO:root:TCP Server listening on 127.0.0.1:1234
INFO:root:Received data from ('127.0.0.1', 49970): b'{"type": "connect", "status": "try"}'
DEBUG:root:{}
DEBUG:root:{}
INFO:root:Waiting for data from client
INFO:root:Received data from client: {"type": "connect", "status": "try"}
DEBUG:root:Sending message to client: {"type": "connect", "status": "ok", "address": ["127.0.0.1", 4998]}
DEBUG:root:{}
DEBUG:root:{}
INFO:root:Waiting for data from client
INFO:root:Received data from ('127.0.0.1', 61225): b'{"type": "connect", "status": "try"}'
DEBUG:root:{}
DEBUG:root:{}
INFO:root:Waiting for data from client
INFO:root:Received data from client: {"type": "connect", "status": "try"}
DEBUG:root:Sending message to client: {"type": "connect", "status": "ok", "address": ["127.0.0.1", 33414]}
DEBUG:root:{}
DEBUG:root:{}
INFO:root:Waiting for data from client
INFO:root:Received data from ('127.0.0.1', 54158): b'{"type": "connect", "status": "try"}'
DEBUG:root:{}
DEBUG:root:{}
INFO:root:Waiting for data from client
INFO:root:Received data from client: {"type": "connect", "status": "try"}
DEBUG:root:Sending message to client: {"type": "connect", "status": "ok", "address": ["127.0.0.1", 31099]}
DEBUG:root:{}
DEBUG:root:{}
INFO:root:Waiting for data from client
INFO:root:Received data from ('127.0.0.1', 52235): b'{"type": "connect", "status": "try"}'
DEBUG:root:{}
DEBUG:root:{}
INFO:root:Waiting for data from client
INFO:root:Received data from client: {"type": "connect", "status": "try"}
DEBUG:root:Sending message to client: {"type": "connect", "status": "ok", "address": ["127.0.0.1", 42527]}
DEBUG:root:{}
DEBUG:root:{}
INFO:root:Waiting for data from client
INFO:root:Starting server on port 1234
INFO:root:UDP Server listening on 127.0.0.1:1234
INFO:root:TCP Server listening on 127.0.0.1:1234
INFO:root:Received data from ('127.0.0.1', 56025): b'{"type": "connect", "status": "try"}'
DEBUG:root:{}
DEBUG:root:{}
INFO:root:Waiting for data from client
INFO:root:Received data from client: {"type": "connect", "status": "try"}
DEBUG:root:Sending message to client: {"type": "connect", "status": "ok", "address": ["127.0.0.1", 11220]}
DEBUG:root:{}
DEBUG:root:{}
INFO:root:Waiting for data from client
INFO:root:Starting server on port 1234
INFO:root:UDP Server listening on 127.0.0.1:1234
INFO:root:TCP Server listening on 127.0.0.1:1234
INFO:root:New connection from ('127.0.0.1', 61148)
DEBUG:root:{}
DEBUG:root:{}
INFO:root:Waiting for data from client
INFO:root:Received data from client: {"type": "connect", "status": "try"}
DEBUG:root:Sending message to client: {"type": "connect", "status": "ok", "address": ["127.0.0.1", 1234]}
DEBUG:root:{}
DEBUG:root:{}
INFO:root:Waiting for data from client
INFO:root:Starting server on port 1234
INFO:root:UDP Server listening on 127.0.0.1:1234
INFO:root:TCP Server listening on 127.0.0.1:1234
INFO:root:New connection from ('127.0.0.1', 61287)
DEBUG:root:{}
DEBUG:root:{}
INFO:root:Waiting for data from client
INFO:root:Received data from client: {"type": "connect", "status": "try"}
DEBUG:root:Sending message to client: {"type": "connect", "status": "ok", "address": ["127.0.0.1", 1234]}
DEBUG:root:{}
DEBUG:root:{}
INFO:root:Waiting for data from client
INFO:root:Received data from client: {"type": "login", "status": "try", "username": "nathan", "password": "123"}
DEBUG:root:Sending message to client: {"type": "login", "status": "error: username does not exist"}
DEBUG:root:{}
DEBUG:root:{}
INFO:root:Waiting for data from client
INFO:root:Starting server on port 1234
INFO:root:TCP Server listening on 127.0.0.1:1234
INFO:root:UDP Server listening on 127.0.0.1:1234
INFO:root:New connection from ('127.0.0.1', 52372)
DEBUG:root:{}
DEBUG:root:{}
INFO:root:Waiting for data from client
INFO:root:Received data from client: {"type": "connect", "status": "try"}
DEBUG:root:Sending message to client: {"type": "connect", "status": "ok", "address": ["127.0.0.1", 1234]}
DEBUG:root:{}
DEBUG:root:{}
INFO:root:Waiting for data from client
INFO:root:Received data from client: {"type": "login", "status": "try", "username": "nathan", "password": "123"}
DEBUG:root:Sending message to client: {"type": "login", "status": "error: username does not exist"}
DEBUG:root:{}
DEBUG:root:{}
INFO:root:Waiting for data from client
INFO:root:Received data from client: {"type": "create_user", "status": "try", "username": "nathan", "password": "123"}
INFO:root:Creating user with username nathan and password 123
DEBUG:root:Sending message to client: {"type": "create_user", "status": "ok"}
DEBUG:root:{'nathan': '123'}
DEBUG:root:{}
INFO:root:Waiting for data from client
INFO:root:Received data from client: {"type": "login", "status": "try", "username": "nathan", "password": "12314"}
DEBUG:root:Sending message to client: {"type": "login", "status": "error: wrong password"}
DEBUG:root:{'nathan': '123'}
DEBUG:root:{}
INFO:root:Waiting for data from client
INFO:root:Received data from client: {"type": "login", "status": "try", "username": "nathan", "password": "123"}
DEBUG:root:Sending message to client: {"type": "login", "status": "ok"}
DEBUG:root:{'nathan': '123'}
DEBUG:root:{}
INFO:root:Waiting for data from client
INFO:root:Received data from client: {"type": "change_password", "status": "try", "old_password": "1234", "new_password": "123"}
DEBUG:root:Sending message to client: {"type": "change_password", "status": "error: wrong password"}
DEBUG:root:{'nathan': '123'}
DEBUG:root:{}
INFO:root:Waiting for data from client
INFO:root:Received data from client: {"type": "change_password", "status": "try", "old_password": "12", "new_password": "1234"}
DEBUG:root:Sending message to client: {"type": "change_password", "status": "error: wrong password"}
DEBUG:root:{'nathan': '123'}
DEBUG:root:{}
INFO:root:Waiting for data from client
INFO:root:Received data from client: {"type": "change_password", "status": "try", "old_password": "123", "new_password": "1234"}
DEBUG:root:Sending message to client: {"type": "change_password", "status": "ok"}
DEBUG:root:{'nathan': '1234'}
DEBUG:root:{}
INFO:root:Waiting for data from client
INFO:root:Received data from client: {"type": "logout", "status": "try"}
DEBUG:root:Sending message to client: {"type": "logout", "status": "ok"}
DEBUG:root:{'nathan': '1234'}
DEBUG:root:{}
INFO:root:Waiting for data from client
INFO:root:Received data from client: {"type": "login", "status": "try", "username": "nathan", "password": "1234"}
DEBUG:root:Sending message to client: {"type": "login", "status": "ok"}
DEBUG:root:{'nathan': '1234'}
DEBUG:root:{}
INFO:root:Waiting for data from client
INFO:root:Starting server on port 1234
INFO:root:UDP Server listening on 127.0.0.1:1234
INFO:root:TCP Server listening on 127.0.0.1:1234
INFO:root:New connection from ('127.0.0.1', 57969)
DEBUG:root:{}
DEBUG:root:{}
INFO:root:Waiting for data from client
INFO:root:Received data from client: {"type": "connect", "status": "try"}
DEBUG:root:Sending message to client: {"type": "connect", "status": "ok", "address": ["127.0.0.1", 1234]}
DEBUG:root:{}
DEBUG:root:{}
INFO:root:Waiting for data from client
INFO:root:Received data from client: {"type": "create_user", "status": "try", "username": "nathan", "password": "123"}
INFO:root:Creating user with username nathan and password 123
DEBUG:root:Sending message to client: {"type": "create_user", "status": "ok"}
DEBUG:root:{'nathan': '123'}
DEBUG:root:{}
INFO:root:Waiting for data from client
INFO:root:Received data from client: {"type": "login", "status": "try", "username": "nathan", "password": "123"}
DEBUG:root:Sending message to client: {"type": "login", "status": "ok"}
DEBUG:root:{'nathan': '123'}
DEBUG:root:{}
INFO:root:Waiting for data from client
INFO:root:Received data from client: {"type": "get_online_users", "status": "try"}
INFO:root:Starting server on port 1234
INFO:root:UDP Server listening on 127.0.0.1:1234
INFO:root:TCP Server listening on 127.0.0.1:1234
INFO:root:New connection from ('127.0.0.1', 58299)
DEBUG:root:{}
DEBUG:root:{}
INFO:root:Waiting for data from client
INFO:root:Received data from client: {"type": "connect", "status": "try"}
DEBUG:root:Sending message to client: {"type": "connect", "status": "ok", "address": ["127.0.0.1", 1234]}
DEBUG:root:{}
DEBUG:root:{}
INFO:root:Waiting for data from client
INFO:root:Received data from client: {"type": "login", "status": "try", "username": "nathan", "password": "123"}
DEBUG:root:Sending message to client: {"type": "login", "status": "error: username does not exist"}
DEBUG:root:{}
DEBUG:root:{}
INFO:root:Waiting for data from client
INFO:root:Received data from client: {"type": "create_user", "status": "try", "username": "nathan", "password": "123"}
INFO:root:Creating user with username nathan and password 123
DEBUG:root:Sending message to client: {"type": "create_user", "status": "ok"}
DEBUG:root:{'nathan': '123'}
DEBUG:root:{}
INFO:root:Waiting for data from client
INFO:root:Received data from client: {"type": "login", "status": "try", "username": "nathan", "password": "123"}
DEBUG:root:Sending message to client: {"type": "login", "status": "ok"}
DEBUG:root:{'nathan': '123'}
DEBUG:root:{}
INFO:root:Waiting for data from client
INFO:root:Received data from client: {"type": "get_online_users", "status": "try"}
DEBUG:root:Sending message to client: {"type": "get_online_users", "status": "ok", "online_users": {"null": {"status": "Logged In"}}}
DEBUG:root:{'nathan': '123'}
DEBUG:root:{}
INFO:root:Waiting for data from client
INFO:root:Starting server on port 1234
INFO:root:TCP Server listening on 127.0.0.1:1234
INFO:root:UDP Server listening on 127.0.0.1:1234
INFO:root:New connection from ('127.0.0.1', 58684)
DEBUG:root:{}
DEBUG:root:{}
INFO:root:Waiting for data from client
INFO:root:Received data from client: {"type": "connect", "status": "try"}
DEBUG:root:Sending message to client: {"type": "connect", "status": "ok", "address": ["127.0.0.1", 1234]}
DEBUG:root:{}
DEBUG:root:{}
INFO:root:Waiting for data from client
INFO:root:Received data from client: {"type": "create_user", "status": "try", "username": "nathan", "password": "123"}
INFO:root:Creating user with username nathan and password 123
DEBUG:root:Sending message to client: {"type": "create_user", "status": "ok"}
DEBUG:root:{'nathan': '123'}
DEBUG:root:{}
INFO:root:Waiting for data from client
INFO:root:Received data from client: {"type": "login", "status": "try", "username": "nathan", "password": "123"}
DEBUG:root:Sending message to client: {"type": "login", "status": "ok"}
DEBUG:root:{'nathan': '123'}
DEBUG:root:{}
INFO:root:Waiting for data from client
INFO:root:Starting server on port 1234
INFO:root:UDP Server listening on 127.0.0.1:1234
INFO:root:TCP Server listening on 127.0.0.1:1234
INFO:root:New connection from ('127.0.0.1', 58816)
DEBUG:root:{}
DEBUG:root:{}
INFO:root:Waiting for data from client
INFO:root:Received data from client: {"type": "connect", "status": "try"}
DEBUG:root:Sending message to client: {"type": "connect", "status": "ok", "address": ["127.0.0.1", 1234]}
DEBUG:root:{}
DEBUG:root:{}
INFO:root:Waiting for data from client
INFO:root:Received data from client: {"type": "create_user", "status": "try", "username": "1", "password": "1"}
INFO:root:Creating user with username 1 and password 1
DEBUG:root:Sending message to client: {"type": "create_user", "status": "ok"}
DEBUG:root:{'1': '1'}
DEBUG:root:{}
INFO:root:Waiting for data from client
INFO:root:Received data from client: {"type": "login", "status": "try", "username": "1", "password": "1"}
DEBUG:root:Sending message to client: {"type": "login", "status": "ok"}
DEBUG:root:{'1': '1'}
DEBUG:root:{}
INFO:root:Waiting for data from client
INFO:root:Received data from client: {"type": "get_online_users", "status": "try"}
DEBUG:root:Sending message to client: {"type": "get_online_users", "status": "ok", "online_users": {"1": {"status": "Logged In"}}}
DEBUG:root:{'1': '1'}
DEBUG:root:{}
INFO:root:Waiting for data from client
INFO:root:New connection from ('127.0.0.1', 61056)
DEBUG:root:{'1': '1'}
DEBUG:root:{}
INFO:root:Waiting for data from client
INFO:root:Received data from client: {"type": "connect", "status": "try"}
DEBUG:root:Sending message to client: {"type": "connect", "status": "ok", "address": ["127.0.0.1", 1234]}
DEBUG:root:{'1': '1'}
DEBUG:root:{}
INFO:root:Waiting for data from client
INFO:root:Starting server on port 1234
INFO:root:TCP Server listening on 127.0.0.1:1234
INFO:root:UDP Server listening on 127.0.0.1:1234
INFO:root:New connection from ('127.0.0.1', 61258)
DEBUG:root:{}
DEBUG:root:{}
INFO:root:Waiting for data from client
INFO:root:Received data from client: {"type": "connect", "status": "try"}
DEBUG:root:Sending message to client: {"type": "connect", "status": "ok", "address": ["127.0.0.1", 1234]}
DEBUG:root:{}
DEBUG:root:{}
INFO:root:Waiting for data from client
INFO:root:New connection from ('127.0.0.1', 61269)
DEBUG:root:{}
DEBUG:root:{}
INFO:root:Waiting for data from client
INFO:root:Received data from client: {"type": "connect", "status": "try"}
DEBUG:root:Sending message to client: {"type": "connect", "status": "ok", "address": ["127.0.0.1", 1234]}
DEBUG:root:{}
DEBUG:root:{}
INFO:root:Waiting for data from client
INFO:root:Received data from client: {"type": "login", "status": "try", "username": "nathan", "password": "123"}
DEBUG:root:Sending message to client: {"type": "login", "status": "error: username does not exist"}
DEBUG:root:{}
DEBUG:root:{}
INFO:root:Waiting for data from client
INFO:root:Received data from client: {"type": "create_user", "status": "try", "username": "nathan", "password": "123"}
INFO:root:Creating user with username nathan and password 123
DEBUG:root:Sending message to client: {"type": "create_user", "status": "ok"}
DEBUG:root:{'nathan': '123'}
DEBUG:root:{}
INFO:root:Waiting for data from client
INFO:root:Received data from client: {"type": "login", "status": "try", "username": "natahn", "password": "123"}
DEBUG:root:Sending message to client: {"type": "login", "status": "error: username does not exist"}
DEBUG:root:{'nathan': '123'}
DEBUG:root:{}
INFO:root:Waiting for data from client
INFO:root:Received data from client: {"type": "login", "status": "try", "username": "nathan", "password": "123"}
DEBUG:root:Sending message to client: {"type": "login", "status": "ok"}
DEBUG:root:{'nathan': '123'}
DEBUG:root:{}
INFO:root:Waiting for data from client
INFO:root:Received data from client: {"type": "login", "status": "try", "username": "nathan", "password": "123"}
DEBUG:root:Sending message to client: {"type": "login", "status": "error: user already logged in"}
DEBUG:root:{'nathan': '123'}
DEBUG:root:{}
INFO:root:Waiting for data from client
INFO:root:Received data from client: {"type": "create_user", "status": "try", "username": "123", "password": "123"}
INFO:root:Creating user with username 123 and password 123
DEBUG:root:Sending message to client: {"type": "create_user", "status": "ok"}
DEBUG:root:{'nathan': '123', '123': '123'}
DEBUG:root:{}
INFO:root:Waiting for data from client
INFO:root:Received data from client: {"type": "login", "status": "try", "username": "123", "password": "123"}
DEBUG:root:Sending message to client: {"type": "login", "status": "ok"}
DEBUG:root:{'nathan': '123', '123': '123'}
DEBUG:root:{}
INFO:root:Waiting for data from client
INFO:root:Received data from client: {"type": "get_online_users", "status": "try"}
DEBUG:root:Sending message to client: {"type": "get_online_users", "status": "ok", "online_users": {"nathan": {"status": "Logged In"}, "123": {"status": "Logged In"}}}
DEBUG:root:{'nathan': '123', '123': '123'}
DEBUG:root:{}
INFO:root:Waiting for data from client
INFO:root:Received data from client: {"type": "get_online_users", "status": "try"}
DEBUG:root:Sending message to client: {"type": "get_online_users", "status": "ok", "online_users": {"nathan": {"status": "Logged In"}, "123": {"status": "Logged In"}}}
DEBUG:root:{'nathan': '123', '123': '123'}
DEBUG:root:{}
INFO:root:Waiting for data from client
INFO:root:Received data from client: {"type": "logout", "status": "try"}
DEBUG:root:Sending message to client: {"type": "logout", "status": "ok"}
DEBUG:root:{'nathan': '123', '123': '123'}
DEBUG:root:{}
INFO:root:Waiting for data from client
INFO:root:Received data from client: {"type": "get_online_users", "status": "try"}
DEBUG:root:Sending message to client: {"type": "get_online_users", "status": "ok", "online_users": {"nathan": {"status": "Logged In"}}}
DEBUG:root:{'nathan': '123', '123': '123'}
DEBUG:root:{}
INFO:root:Waiting for data from client
INFO:root:Received data from client: {"type": "get_online_users", "status": "try"}
DEBUG:root:Sending message to client: {"type": "get_online_users", "status": "ok", "online_users": {"nathan": {"status": "Logged In"}}}
DEBUG:root:{'nathan': '123', '123': '123'}
DEBUG:root:{}
INFO:root:Waiting for data from client
INFO:root:Received data from client: {"type": "login", "status": "try", "username": "123", "password": "12"}
DEBUG:root:Sending message to client: {"type": "login", "status": "error: wrong password"}
DEBUG:root:{'nathan': '123', '123': '123'}
DEBUG:root:{}
INFO:root:Waiting for data from client
INFO:root:Received data from client: {"type": "login", "status": "try", "username": "123", "password": "123"}
DEBUG:root:Sending message to client: {"type": "login", "status": "ok"}
DEBUG:root:{'nathan': '123', '123': '123'}
DEBUG:root:{}
INFO:root:Waiting for data from client
INFO:root:Received data from client: {"type": "get_online_users", "status": "try"}
DEBUG:root:Sending message to client: {"type": "get_online_users", "status": "ok", "online_users": {"nathan": {"status": "Logged In"}, "123": {"status": "Logged In"}}}
DEBUG:root:{'nathan': '123', '123': '123'}
DEBUG:root:{}
INFO:root:Waiting for data from client
INFO:root:Received data from client: {"type": "tchau", "status": "try"}
INFO:root:Received data from client: {"type": "get_online_users", "status": "try"}
DEBUG:root:Sending message to client: {"type": "get_online_users", "status": "ok", "online_users": {"nathan": {"status": "Logged In"}}}
DEBUG:root:{'nathan': '123', '123': '123'}
DEBUG:root:{}
INFO:root:Waiting for data from client
INFO:root:Received data from client: {"type": "get_online_users", "status": "try"}
DEBUG:root:Sending message to client: {"type": "get_online_users", "status": "ok", "online_users": {"nathan": {"status": "Logged In"}}}
DEBUG:root:{'nathan': '123', '123': '123'}
DEBUG:root:{}
INFO:root:Waiting for data from client
INFO:root:New connection from ('127.0.0.1', 55366)
DEBUG:root:{'nathan': '123', '123': '123'}
DEBUG:root:{}
INFO:root:Waiting for data from client
INFO:root:Received data from client: {"type": "connect", "status": "try"}
DEBUG:root:Sending message to client: {"type": "connect", "status": "ok", "address": ["127.0.0.1", 1234]}
DEBUG:root:{'nathan': '123', '123': '123'}
DEBUG:root:{}
INFO:root:Waiting for data from client
INFO:root:Received data from client: {"type": "login", "status": "try", "username": "nathan", "password": "123"}
DEBUG:root:Sending message to client: {"type": "login", "status": "error: user already logged in"}
DEBUG:root:{'nathan': '123', '123': '123'}
DEBUG:root:{}
INFO:root:Waiting for data from client
INFO:root:Received data from client: {"type": "login", "status": "try", "username": "nathan1", "password": "123"}
DEBUG:root:Sending message to client: {"type": "login", "status": "error: username does not exist"}
DEBUG:root:{'nathan': '123', '123': '123'}
DEBUG:root:{}
INFO:root:Waiting for data from client
INFO:root:Received data from client: {"type": "create_user", "status": "try", "username": "natahn", "password": "123"}
INFO:root:Creating user with username natahn and password 123
DEBUG:root:Sending message to client: {"type": "create_user", "status": "ok"}
DEBUG:root:{'nathan': '123', '123': '123', 'natahn': '123'}
DEBUG:root:{}
INFO:root:Waiting for data from client
INFO:root:Received data from client: {"type": "login", "status": "try", "username": "natahn", "password": "123"}
DEBUG:root:Sending message to client: {"type": "login", "status": "ok"}
DEBUG:root:{'nathan': '123', '123': '123', 'natahn': '123'}
DEBUG:root:{}
INFO:root:Waiting for data from client
INFO:root:Received data from client: {"type": "get_online_users", "status": "try"}
DEBUG:root:Sending message to client: {"type": "get_online_users", "status": "ok", "online_users": {"nathan": {"status": "Logged In"}, "natahn": {"status": "Logged In"}}}
DEBUG:root:{'nathan': '123', '123': '123', 'natahn': '123'}
DEBUG:root:{}
INFO:root:Waiting for data from client
INFO:root:Received data from client: {"type": "get_online_users", "status": "try"}
DEBUG:root:Sending message to client: {"type": "get_online_users", "status": "ok", "online_users": {"nathan": {"status": "Logged In"}, "natahn": {"status": "Logged In"}}}
DEBUG:root:{'nathan': '123', '123': '123', 'natahn': '123'}
DEBUG:root:{}
INFO:root:Waiting for data from client
INFO:root:Starting server on port 1234
INFO:root:TCP Server listening on 127.0.0.1:1234
INFO:root:UDP Server listening on 127.0.0.1:1234
INFO:root:New connection from ('127.0.0.1', 60574)
INFO:root:Waiting for data from client
INFO:root:Received data from client: {"type": "connect", "status": "try"}
DEBUG:root:Sending message to client: {"type": "connect", "status": "ok", "address": ["127.0.0.1", 1234]}
INFO:root:Waiting for data from client
INFO:root:New connection from ('127.0.0.1', 60586)
INFO:root:Waiting for data from client
INFO:root:Received data from client: {"type": "connect", "status": "try"}
DEBUG:root:Sending message to client: {"type": "connect", "status": "ok", "address": ["127.0.0.1", 1234]}
INFO:root:Waiting for data from client
INFO:root:Received data from client: {"type": "login", "status": "try", "username": "nathn", "password": "123"}
DEBUG:root:Sending message to client: {"type": "login", "status": "error: username does not exist"}
INFO:root:Waiting for data from client
INFO:root:Received data from client: {"type": "create_user", "status": "try", "username": "nathan", "password": "123"}
INFO:root:Creating user with username nathan and password 123
INFO:root:Created user with username nathan and password 123
DEBUG:root:Sending message to client: {"type": "create_user", "status": "ok"}
INFO:root:Waiting for data from client
INFO:root:Received data from client: {"type": "login", "status": "try", "username": "nathan", "password": "123"}
DEBUG:root:Sending message to client: {"type": "login", "status": "ok"}
INFO:root:Waiting for data from client
INFO:root:Received data from client: {"type": "change_password", "status": "try", "old_password": "123", "new_password": "123"}
DEBUG:root:Sending message to client: {"type": "change_password", "status": "ok"}
INFO:root:Waiting for data from client
INFO:root:Received data from client: {"type": "change_password", "status": "try", "old_password": "123", "new_password": "123"}
DEBUG:root:Sending message to client: {"type": "change_password", "status": "ok"}
INFO:root:Waiting for data from client
INFO:root:Received data from client: {"type": "change_password", "status": "try", "old_password": "1234", "new_password": "123"}
DEBUG:root:Sending message to client: {"type": "change_password", "status": "error: wrong password"}
INFO:root:Waiting for data from client
INFO:root:Received data from client: {"type": "change_password", "status": "try", "old_password": "1234", "new_password": "123"}
DEBUG:root:Sending message to client: {"type": "change_password", "status": "error: wrong password"}
INFO:root:Waiting for data from client
INFO:root:Received data from client: {"type": "change_password", "status": "try", "old_password": "1234", "new_password": "123"}
DEBUG:root:Sending message to client: {"type": "change_password", "status": "error: wrong password"}
INFO:root:Waiting for data from client
INFO:root:Received data from client: {"type": "change_password", "status": "try", "old_password": "1234", "new_password": "123"}
DEBUG:root:Sending message to client: {"type": "change_password", "status": "error: wrong password"}
INFO:root:Waiting for data from client
INFO:root:Received data from client: {"type": "get_online_users", "status": "try"}
DEBUG:root:Sending message to client: {"type": "get_online_users", "status": "ok", "online_users": {"nathan": "Online"}}
INFO:root:Waiting for data from client
INFO:root:Received data from client: {"type": "login", "status": "try", "username": "nathan", "password": "123"}
DEBUG:root:Sending message to client: {"type": "login", "status": "error: user already logged in"}
INFO:root:Waiting for data from client
INFO:root:Received data from client: {"type": "create_user", "status": "try", "username": "nat", "password": "123"}
INFO:root:Creating user with username nat and password 123
INFO:root:Created user with username nat and password 123
DEBUG:root:Sending message to client: {"type": "create_user", "status": "ok"}
INFO:root:Waiting for data from client
INFO:root:Received data from client: {"type": "login", "status": "try", "username": "nat", "password": "123"}
DEBUG:root:Sending message to client: {"type": "login", "status": "ok"}
INFO:root:Waiting for data from client
INFO:root:Received data from client: {"type": "get_online_users", "status": "try"}
DEBUG:root:Sending message to client: {"type": "get_online_users", "status": "ok", "online_users": {"nathan": "Online", "nat": "Online"}}
INFO:root:Waiting for data from client
INFO:root:Received data from client: {"type": "logout", "status": "try"}
DEBUG:root:Sending message to client: {"type": "logout", "status": "ok"}
INFO:root:Waiting for data from client
INFO:root:Received data from client: {"type": "get_online_users", "status": "try"}
DEBUG:root:Sending message to client: {"type": "get_online_users", "status": "ok", "online_users": {"nathan": "Online"}}
INFO:root:Waiting for data from client
INFO:root:Received data from client: {"type": "login", "status": "try", "username": "nat", "password": "123"}
DEBUG:root:Sending message to client: {"type": "login", "status": "ok"}
INFO:root:Waiting for data from client
INFO:root:Received data from client: {"type": "tchau", "status": "try"}
INFO:root:Received data from client: {"type": "get_online_users", "status": "try"}
DEBUG:root:Sending message to client: {"type": "get_online_users", "status": "ok", "online_users": {"nathan": "Online"}}
INFO:root:Waiting for data from client
INFO:root:Received data from client: {"type": "get_online_users", "status": "try"}
DEBUG:root:Sending message to client: {"type": "get_online_users", "status": "ok", "online_users": {"nathan": "Online"}}
INFO:root:Waiting for data from client
INFO:root:Received data from client: {"type": "get_leaderboard", "status": "try"}
DEBUG:root:Sending message to client: {"type": "get_leaderboard", "status": "ok", "leaderboard": {}}
INFO:root:Waiting for data from client
INFO:root:Starting server on port 1234
INFO:root:UDP Server listening on 127.0.0.1:1234
INFO:root:TCP Server listening on 127.0.0.1:1234
INFO:root:New connection from ('127.0.0.1', 51675)
INFO:root:Waiting for data from client
INFO:root:Received data from client: {"type": "connect", "status": "try"}
DEBUG:root:Sending message to client: {"type": "connect", "status": "ok", "address": ["127.0.0.1", 1234]}
INFO:root:Waiting for data from client
INFO:root:Received data from client: {"type": "create_user", "status": "try", "username": "nathan", "password": "123"}
INFO:root:Creating user with username nathan and password 123
INFO:root:Created user with username nathan and password 123
DEBUG:root:Sending message to client: {"type": "create_user", "status": "ok"}
INFO:root:Waiting for data from client
INFO:root:Received data from client: {"type": "login", "status": "try", "username": "nathan", "password": "123"}
DEBUG:root:Sending message to client: {"type": "login", "status": "ok"}
INFO:root:Waiting for data from client
INFO:root:Received data from client: {"type": "get_online_users", "status": "try"}
DEBUG:root:Sending message to client: {"type": "get_online_users", "status": "ok", "online_users": {"nathan": "Online"}}
INFO:root:Waiting for data from client
INFO:root:New connection from ('127.0.0.1', 52009)
INFO:root:Waiting for data from client
INFO:root:Received data from client: {"type": "connect", "status": "try"}
DEBUG:root:Sending message to client: {"type": "connect", "status": "ok", "address": ["127.0.0.1", 1234]}
INFO:root:Waiting for data from client
INFO:root:Received data from client: {"type": "login", "status": "try", "username": "nathan", "password": "123"}
DEBUG:root:Sending message to client: {"type": "login", "status": "error: user already logged in"}
INFO:root:Waiting for data from client
INFO:root:Received data from client: {"type": "create_user", "status": "try", "username": "nathan", "password": "123"}
INFO:root:Creating user with username nathan and password 123
INFO:root:Username nathan already exists
DEBUG:root:Sending message to client: {"type": "create_user", "status": "error: username already exists"}
INFO:root:Waiting for data from client
INFO:root:Received data from client: {"type": "create_user", "status": "try", "username": "123", "password": "213"}
INFO:root:Creating user with username 123 and password 213
INFO:root:Created user with username 123 and password 213
DEBUG:root:Sending message to client: {"type": "create_user", "status": "ok"}
INFO:root:Waiting for data from client
INFO:root:Received data from client: {"type": "login", "status": "try", "username": "123", "password": "213"}
DEBUG:root:Sending message to client: {"type": "login", "status": "ok"}
INFO:root:Waiting for data from client
INFO:root:Received data from client: {"type": "get_online_users", "status": "try"}
DEBUG:root:Sending message to client: {"type": "get_online_users", "status": "ok", "online_users": {"nathan": "Online", "123": "Online"}}
INFO:root:Waiting for data from client
INFO:root:Starting server on port 1234
INFO:root:UDP Server listening on 127.0.0.1:1234
INFO:root:TCP Server listening on 127.0.0.1:1234
INFO:root:New connection from ('127.0.0.1', 54221)
INFO:root:Waiting for data from client
INFO:root:Received data from client: {"type": "connect", "status": "try"}
DEBUG:root:Sending message to client: {"type": "connect", "status": "ok", "address": ["127.0.0.1", 1234]}
INFO:root:Waiting for data from client
INFO:root:New connection from ('127.0.0.1', 54228)
INFO:root:Waiting for data from client
INFO:root:Received data from client: {"type": "connect", "status": "try"}
DEBUG:root:Sending message to client: {"type": "connect", "status": "ok", "address": ["127.0.0.1", 1234]}
INFO:root:Waiting for data from client
INFO:root:Received data from client: {"type": "create_user", "status": "try", "username": "nathan", "password": "123"}
INFO:root:Creating user with username nathan and password 123
INFO:root:Created user with username nathan and password 123
DEBUG:root:Sending message to client: {"type": "create_user", "status": "ok"}
INFO:root:Waiting for data from client
INFO:root:Received data from client: {"type": "login", "status": "try", "username": "nathan", "password": "123"}
DEBUG:root:Sending message to client: {"type": "login", "status": "ok"}
INFO:root:Waiting for data from client
INFO:root:Received data from client: {"type": "login", "status": "try", "username": "nathan", "password": "123"}
DEBUG:root:Sending message to client: {"type": "login", "status": "error: user already logged in"}
INFO:root:Waiting for data from client
INFO:root:Received data from client: {"type": "create_user", "status": "try", "username": "213", "password": "123"}
INFO:root:Creating user with username 213 and password 123
INFO:root:Created user with username 213 and password 123
DEBUG:root:Sending message to client: {"type": "create_user", "status": "ok"}
INFO:root:Waiting for data from client
INFO:root:Received data from client: {"type": "create_user", "status": "try", "username": "123", "password": "123"}
INFO:root:Creating user with username 123 and password 123
INFO:root:Created user with username 123 and password 123
DEBUG:root:Sending message to client: {"type": "create_user", "status": "ok"}
INFO:root:Waiting for data from client
INFO:root:Received data from client: {"type": "login", "status": "try", "username": "123", "password": "123"}
DEBUG:root:Sending message to client: {"type": "login", "status": "ok"}
INFO:root:Waiting for data from client
INFO:root:Received data from client: {"type": "get_online_users", "status": "try"}
INFO:root:Starting server on port 1234
INFO:root:UDP Server listening on 127.0.0.1:1234
INFO:root:TCP Server listening on 127.0.0.1:1234
INFO:root:New connection from ('127.0.0.1', 54442)
INFO:root:Waiting for data from client
INFO:root:Received data from client: {"type": "connect", "status": "try"}
DEBUG:root:Sending message to client: {"type": "connect", "status": "ok", "address": ["127.0.0.1", 1234]}
INFO:root:Waiting for data from client
INFO:root:New connection from ('127.0.0.1', 54447)
INFO:root:Waiting for data from client
INFO:root:Received data from client: {"type": "connect", "status": "try"}
DEBUG:root:Sending message to client: {"type": "connect", "status": "ok", "address": ["127.0.0.1", 1234]}
INFO:root:Waiting for data from client
INFO:root:Received data from client: {"type": "create_user", "status": "try", "username": "nathan", "password": "123"}
INFO:root:Creating user with username nathan and password 123
INFO:root:Created user with username nathan and password 123
DEBUG:root:Sending message to client: {"type": "create_user", "status": "ok"}
INFO:root:Waiting for data from client
INFO:root:Received data from client: {"type": "login", "status": "try", "username": "nathan", "password": "123"}
DEBUG:root:Sending message to client: {"type": "login", "status": "ok"}
INFO:root:Waiting for data from client
INFO:root:Received data from client: {"type": "create_user", "status": "try", "username": "123", "password": "123"}
INFO:root:Creating user with username 123 and password 123
INFO:root:Created user with username 123 and password 123
DEBUG:root:Sending message to client: {"type": "create_user", "status": "ok"}
INFO:root:Waiting for data from client
INFO:root:Received data from client: {"type": "login", "status": "try", "username": "213", "password": "123"}
DEBUG:root:Sending message to client: {"type": "login", "status": "error: username does not exist"}
INFO:root:Waiting for data from client
INFO:root:Received data from client: {"type": "login", "status": "try", "username": "123", "password": "123"}
DEBUG:root:Sending message to client: {"type": "login", "status": "ok"}
INFO:root:Waiting for data from client
INFO:root:Received data from client: {"type": "get_online_users", "status": "try"}
DEBUG:root:Sending message to client: {"type": "get_online_users", "status": "ok", "online_users": {"nathan": "Online", "123": "Online"}}
INFO:root:Waiting for data from client
INFO:root:Received data from client: {"type": "get_online_users", "status": "try"}
DEBUG:root:Sending message to client: {"type": "get_online_users", "status": "ok", "online_users": {"nathan": "Online", "123": "Online"}}
INFO:root:Waiting for data from client
INFO:root:Received data from client: {"type": "logout", "status": "try"}
DEBUG:root:Sending message to client: {"type": "logout", "status": "ok"}
INFO:root:Waiting for data from client
INFO:root:Received data from client: {"type": "get_online_users", "status": "try"}
DEBUG:root:Sending message to client: {"type": "get_online_users", "status": "ok", "online_users": {"nathan": "Online"}}
INFO:root:Waiting for data from client
INFO:root:Starting server on port 1234
INFO:root:UDP Server listening on 127.0.0.1:1234
INFO:root:TCP Server listening on 127.0.0.1:1234
INFO:root:New connection from ('127.0.0.1', 51606)
INFO:root:Waiting for data from client
INFO:root:Received data from client: {"type": "connect", "status": "try"}
DEBUG:root:Sending message to client: {"type": "connect", "status": "ok", "address": ["127.0.0.1", 1234]}
INFO:root:Waiting for data from client
INFO:root:Received data from client: {"type": "create_user", "status": "try", "username": "nathan", "password": "12"}
INFO:root:Creating user with username nathan and password 12
INFO:root:Created user with username nathan and password 12
DEBUG:root:Sending message to client: {"type": "create_user", "status": "ok"}
INFO:root:Waiting for data from client
INFO:root:Received data from client: {"type": "login", "status": "try", "username": "nathan", "password": "12"}
DEBUG:root:Sending message to client: {"type": "login", "status": "ok"}
INFO:root:Waiting for data from client
INFO:root:Received data from client: {"type": "start_game", "status": "try", "host_port": 21818}
DEBUG:root:Sending message to client: {"type": "start_game", "status": "ok"}
INFO:root:Waiting for data from client
INFO:root:Starting server on port 1234
INFO:root:UDP Server listening on 127.0.0.1:1234
INFO:root:TCP Server listening on 127.0.0.1:1234
INFO:root:New connection from ('127.0.0.1', 59917)
INFO:root:Waiting for data from client
INFO:root:Received data from client: {"type": "connect", "status": "try"}
DEBUG:root:Sending message to client: {"type": "connect", "status": "ok", "address": ["127.0.0.1", 1234]}
INFO:root:Waiting for data from client
INFO:root:Starting server on port 1234
INFO:root:UDP Server listening on 127.0.0.1:1234
INFO:root:TCP Server listening on 127.0.0.1:1234
INFO:root:New connection from ('127.0.0.1', 60011)
INFO:root:Waiting for data from client
INFO:root:Received data from client: {"type": "connect", "status": "try"}
DEBUG:root:Sending message to client: {"type": "connect", "status": "ok", "address": ["127.0.0.1", 1234]}
INFO:root:Waiting for data from client
